SF:lib\features\auth\data\models\login_model.dart
DA:15,1
DA:16,1
LF:2
LH:2
end_of_record
SF:lib\features\auth\data\models\login_model.g.dart
DA:9,1
DA:10,1
DA:11,1
DA:12,1
DA:13,1
DA:14,1
DA:17,1
DA:18,1
DA:19,1
DA:20,1
DA:21,1
DA:22,1
LF:12
LH:12
end_of_record
SF:lib\features\auth\data\repositories\login_repository.dart
DA:7,1
DA:15,1
DA:17,2
DA:19,2
DA:20,2
DA:21,2
DA:22,2
DA:25,2
DA:26,1
DA:30,1
DA:31,2
DA:34,1
DA:35,1
DA:36,4
DA:37,1
DA:38,1
DA:42,1
DA:43,1
LF:18
LH:18
end_of_record
SF:lib\features\auth\presentation\pages\cubit\login_cubit.dart
DA:11,1
DA:13,1
DA:19,1
DA:20,1
DA:26,1
DA:32,2
DA:34,1
DA:40,1
DA:41,1
DA:43,1
LF:10
LH:10
end_of_record
SF:lib\features\auth\presentation\pages\cubit\login_state.dart
DA:14,1
DA:15,1
LF:2
LH:2
end_of_record
SF:lib\features\auth\presentation\pages\cubit\login_state.g.dart
DA:9,1
DA:10,1
DA:11,2
DA:13,1
DA:16,1
DA:17,1
DA:18,2
DA:19,1
LF:8
LH:8
end_of_record
SF:lib\features\home\data\models\channel_dto.dart
DA:13,3
DA:19,2
DA:20,2
DA:22,2
DA:24,2
DA:25,2
DA:26,2
DA:27,2
DA:28,2
DA:29,2
DA:31,2
DA:32,2
DA:36,1
LF:13
LH:13
end_of_record
SF:lib\features\home\data\models\channel_dto.g.dart
DA:9,4
DA:10,2
DA:11,2
DA:12,2
DA:15,1
DA:16,1
DA:17,1
DA:18,1
DA:19,1
LF:9
LH:9
end_of_record
SF:lib\features\home\data\models\channel_model.dart
DA:14,2
DA:15,2
LF:2
LH:2
end_of_record
SF:lib\features\home\data\models\channel_model.g.dart
DA:9,2
DA:10,2
DA:11,2
DA:12,2
DA:13,2
DA:16,2
DA:17,2
DA:18,2
DA:19,2
DA:20,2
LF:10
LH:10
end_of_record
SF:lib\features\home\data\models\channel_response.dart
DA:13,1
DA:14,1
LF:2
LH:2
end_of_record
SF:lib\features\home\data\models\channel_response.g.dart
DA:9,1
DA:11,1
DA:12,1
DA:13,3
DA:14,1
DA:17,1
DA:19,1
DA:20,1
LF:8
LH:8
end_of_record
SF:lib\features\home\data\models\package_model.dart
DA:13,1
DA:14,1
LF:2
LH:2
end_of_record
SF:lib\features\home\data\models\package_model.g.dart
DA:9,1
DA:10,1
DA:11,1
DA:12,1
DA:15,1
DA:16,1
DA:17,1
DA:18,1
LF:8
LH:8
end_of_record
SF:lib\features\home\data\repositories\channel_repository.dart
DA:8,1
DA:16,1
DA:20,2
DA:21,2
DA:23,2
DA:29,3
DA:30,2
DA:33,3
DA:34,1
DA:37,3
DA:38,1
DA:40,1
DA:41,3
DA:44,1
DA:45,1
DA:46,4
DA:47,1
DA:48,1
LF:18
LH:18
end_of_record
SF:lib\features\home\data\repositories\packages_repository.dart
DA:6,1
DA:13,1
DA:15,2
DA:16,2
DA:17,2
DA:19,2
DA:22,1
DA:26,1
DA:29,2
DA:32,2
DA:36,1
DA:37,1
LF:12
LH:12
end_of_record
SF:lib\features\home\pages\cubit\home_cubit.dart
DA:13,1
DA:16,1
DA:22,1
DA:24,2
DA:25,4
DA:26,3
DA:29,1
DA:30,1
DA:32,1
DA:36,1
DA:44,1
DA:45,1
DA:46,1
DA:47,1
DA:49,1
DA:53,1
DA:54,2
DA:55,4
DA:56,1
DA:57,1
DA:58,1
LF:21
LH:21
end_of_record
SF:lib\features\home\pages\cubit\home_state.dart
DA:15,2
LF:1
LH:1
end_of_record
SF:lib\features\home\pages\cubit\home_state.g.dart
DA:9,1
DA:10,1
DA:11,2
DA:13,1
DA:14,3
DA:15,1
DA:19,1
DA:20,1
DA:21,2
DA:22,1
LF:10
LH:10
end_of_record
