SF:lib\features\auth\data\models\login_model.dart
DA:15,1
DA:16,1
LF:2
LH:2
end_of_record
SF:lib\features\auth\data\models\login_model.g.dart
DA:9,1
DA:10,1
DA:11,1
DA:12,1
DA:13,1
DA:14,1
DA:17,1
DA:18,1
DA:19,1
DA:20,1
DA:21,1
DA:22,1
LF:12
LH:12
end_of_record
SF:lib\features\auth\data\models\login_response.dart
DA:14,1
DA:15,1
LF:2
LH:2
end_of_record
SF:lib\features\auth\data\models\login_response.g.dart
DA:9,1
DA:10,1
DA:11,1
DA:12,1
DA:13,1
DA:16,1
DA:17,1
DA:18,1
DA:19,1
DA:20,1
LF:10
LH:10
end_of_record
SF:lib\features\auth\data\repositories\login_repository.dart
DA:8,0
DA:14,0
DA:16,0
DA:18,0
DA:19,0
DA:20,0
DA:21,0
DA:22,0
DA:24,0
DA:25,0
DA:26,0
DA:27,0
DA:29,0
DA:30,0
DA:34,0
DA:35,0
DA:38,0
DA:39,0
DA:40,0
DA:41,0
DA:42,0
DA:46,0
DA:47,0
LF:23
LH:0
end_of_record
SF:lib\features\auth\presentation\pages\cubit\login_cubit.dart
DA:11,2
DA:13,2
DA:19,1
DA:20,1
DA:26,1
DA:32,2
DA:34,1
DA:40,1
DA:41,1
DA:43,1
LF:10
LH:10
end_of_record
SF:lib\features\home\data\models\channel_dto.dart
DA:13,2
DA:19,2
DA:20,2
DA:22,4
DA:24,2
DA:25,2
DA:26,4
DA:27,2
DA:28,2
DA:29,2
DA:31,2
DA:32,2
DA:36,2
LF:13
LH:13
end_of_record
SF:lib\features\home\data\models\channel_dto.g.dart
DA:9,4
DA:10,2
DA:11,2
DA:12,2
DA:15,2
DA:16,2
DA:17,2
DA:18,2
DA:19,2
LF:9
LH:9
end_of_record
SF:lib\features\home\data\models\channel_model.dart
DA:14,1
DA:15,1
LF:2
LH:2
end_of_record
SF:lib\features\home\data\models\channel_model.g.dart
DA:9,1
DA:10,1
DA:11,1
DA:12,1
DA:13,1
DA:16,1
DA:17,1
DA:18,1
DA:19,1
DA:20,1
LF:10
LH:10
end_of_record
SF:lib\features\home\data\models\package_model.dart
DA:13,1
DA:14,1
LF:2
LH:2
end_of_record
SF:lib\features\home\data\models\package_model.g.dart
DA:9,1
DA:10,1
DA:11,1
DA:12,1
DA:15,1
DA:16,1
DA:17,1
DA:18,1
LF:8
LH:8
end_of_record
SF:lib\features\home\data\repositories\packages_repository.dart
DA:6,1
DA:11,1
DA:13,1
DA:14,1
DA:15,1
DA:16,1
DA:18,1
DA:21,0
DA:25,0
DA:28,0
DA:31,0
DA:35,1
DA:36,1
LF:13
LH:9
end_of_record
SF:lib\features\home\data\repositories\channel_repository.dart
DA:8,0
DA:11,0
DA:15,0
DA:16,0
DA:17,0
DA:19,0
DA:25,0
DA:26,0
DA:29,0
DA:30,0
DA:33,0
DA:34,0
DA:36,0
DA:37,0
DA:40,0
DA:41,0
DA:42,0
DA:43,0
DA:44,0
LF:19
LH:0
end_of_record
SF:lib\features\home\pages\cubit\home_cubit.dart
DA:13,2
DA:16,2
DA:22,1
DA:24,2
DA:25,4
DA:26,3
DA:29,1
DA:30,1
DA:32,1
DA:36,1
DA:44,0
DA:45,0
DA:46,0
DA:47,0
DA:49,0
DA:53,0
DA:54,0
DA:55,0
DA:56,0
DA:57,0
DA:58,0
LF:21
LH:10
end_of_record